Reverse Engineering (RE) 400

Joint Cyber Competition 2016

Author: Naduta

# Problem

Insert problem statement here

Binary located here https://drive.google.com/open?id=0B_TyuCVIyf4PbktRVWR3SGpFeDQ

# Environment

1. Kali version 2
2. i386 architecture

  ```shell
  dpkg --add-architecture i386 && apt-get update && apt-get install wine32
  ```
3. GDB peda

  ```shell
  perl -e 'print "# Source all settings from the peda dir\n" . "source ~/peda/peda.py\n\n" . "# These are other settings I have found useful\n\n" . "# Intel syntax is more readable\n" . "set disassembly-flavor intel\n\n" . "# When inspecting large portions of code the scrollbar works better than \"less\"\n" . "set pagination off\n\n" . "# Keep a history of all the commands typed. Search is possible using ctrl-r\n" . "set history save on\n" . "set history filename ~/.gdb_history\n" . "set history size 32768\n" . "set history expansion on"' > ~/.gdbinit

  cd /opt/ && git clone https://github.com/longld/peda &&  sed -i 's/\"debug\"     : (\"off\"/\"debug\"     : (\"on\"/g' /opt/peda/lib/config.py && sed -i 's/~\/peda\/peda.py/\/opt\/peda\/peda.py/g' ~/.gdbinit
  ```

# Solution
1. See the filetype

  ```bash
  root@kali:~/jcc# file movfu_85144666b73d3fc2bf966ef3513a5a0e
  movfu_85144666b73d3fc2bf966ef3513a5a0e: ELF 32-bit LSB executable, Intel 80386, version 1 (SYSV), dynamically linked, interpreter /lib/ld-linux.so.2, not stripped
  ```
2. Run the program normally and got nothing

2. Lets look at the ltrace

  ```bash
  root@kali:~/jcc# ltrace ./movfu_85144666b73d3fc2bf966ef3513a5a0e &> ltrace_output.txt
  root@kali:~/jcc# cat ltrace_output.txt
  sigaction(SIGSEGV, { 0x8048210, <>, 0, 0 }, nil) = 0
  sigaction(SIGILL, { 0x8048297, <>, 0, 0 }, nil)  = 0
  --- SIGSEGV (Segmentation fault) ---
  memcpy(0x85f7374, "\311~\344kIk\366[\251\326)F\347)\200\250\370\025Lb", 20) = 0x85f7374
  --- SIGILL (Illegal instruction) ---
  --- SIGILL (Illegal instruction) ---
  --- SIGILL (Illegal instruction) ---
  --- SIGILL (Illegal instruction) ---
  --- SIGILL (Illegal instruction) ---
  --- SIGILL (Illegal instruction) ---
  --- SIGILL (Illegal instruction) ---
  --- SIGILL (Illegal instruction) ---
  --- SIGILL (Illegal instruction) ---
  --- SIGILL (Illegal instruction) ---
  --- SIGILL (Illegal instruction) ---
  --- SIGILL (Illegal instruction) ---
  --- SIGILL (Illegal instruction) ---
  --- SIGILL (Illegal instruction) ---
  --- SIGILL (Illegal instruction) ---
  --- SIGILL (Illegal instruction) ---
  --- SIGILL (Illegal instruction) ---
  --- SIGILL (Illegal instruction) ---
  --- SIGILL (Illegal instruction) ---
  --- SIGILL (Illegal instruction) ---
  --- SIGILL (Illegal instruction) ---
  --- SIGILL (Illegal instruction) ---
  --- SIGSEGV (Segmentation fault) ---
  exit(1 <no return ...>
  +++ exited (status 1) +++
  ```
  1. Never seen sigaction before but looking at the **man sigaction** we see that it "sigaction - examine and change a signal action".  

    1. For SIGSEGV it has an exception handler to address **0x8048210**
    2. For SIGILL it has an exception handler to address **0x8048297**

  2. So we can also see that it does a memcpy to 0x85f7374
  3. Getting no where so lets jump into GDB and see what all these things are doing.

    1. Well the first time you run it in gdb-peda it breaks due to a SIGSEGV signal since GDB breaks on almost any handle.

      ```bash
      gdb-peda$ run
      Starting program: /root/jcc/movfu_85144666b73d3fc2bf966ef3513a5a0e

      Program received signal SIGSEGV, Segmentation fault.
      ### OUTPUT OMITTED ###
      Stopped reason: SIGSEGV
      0x0804c2c8 in main ()
      ```
      
    2. That is annoying so lets make sure gdb doesn't break when receiving **SIGSEGV**  and it passes the fault to the program

      ```bash
      gdb-peda$ info handle SIGSEGV
      Signal        Stop	Print	Pass to program	Description
      SIGSEGV       Yes	Yes	No		Segmentation fault
      gdb-peda$ handle SIGSEGV pass nostop
      Signal        Stop	Print	Pass to program	Description
      SIGSEGV       No	Yes	Yes		Segmentation fault
      ```

    3. Run the program again and now we are breaking on **SIGILL** lets fix that

      ```bash
      gdb-peda$ info handle SIGILL
      Signal        Stop	Print	Pass to program	Description
      SIGILL        Yes	Yes	Yes		Illegal instruction
      gdb-peda$ handle SIGILL nostop
      Signal        Stop	Print	Pass to program	Description
      SIGILL        No	Yes	Yes		Illegal instruction
      ```
    4. If you run it again the program now completes and nothing interesting is on the stack.  So lets set a break point at the first exception handler SIGSEGV.

      ```bash
      gdb-peda$ break *0x8048210
      Breakpoint 5 at 0x8048210
      gdb-peda$ run
      Starting program: /root/jcc/movfu_85144666b73d3fc2bf966ef3513a5a0e
      [-------------------------------------code-------------------------------------]
         0x8048200 <sigaction@plt>:	jmp    DWORD PTR ds:0x804e22c
         0x8048206 <sigaction@plt+6>:	push   0x10
         0x804820b <sigaction@plt+11>:	jmp    0x80481d0
      => 0x8048210 <dispatch>:	mov    esp,DWORD PTR ds:0x83f7360
         0x8048216 <dispatch+6>:	jmp    DWORD PTR ds:0x85f73f4
         0x804821c <_start>:	mov    DWORD PTR ds:0x83f7370,esp
         0x8048222 <_start+6>:	mov    esp,DWORD PTR ds:0x83f7360
         0x8048228 <_start+12>:	mov    esp,DWORD PTR [esp-0x200068]

      Breakpoint 5, 0x08048210 in dispatch ()
      ```
      Looking at dispatch function it does nothing interesting except to move the stack pointer
    1. Lets look at the exception call for  **SIGILL** by setting a breakpoint **_break *0x8048297_** and run the program again

      ```bash
      gdb-peda$ run
      Starting program: /root/jcc/movfu_85144666b73d3fc2bf966ef3513a5a0e
      [-------------------------------------code-------------------------------------]
         0x8048282 <_start+102>:	mov    DWORD PTR [esp+0x4],0x85f7490
         0x804828a <_start+110>:	mov    DWORD PTR [esp+0x8],0x0
         0x8048292 <_start+118>:	call   0x8048200 <sigaction@plt>
      => 0x8048297 <master_loop>:	mov    esp,DWORD PTR ds:0x83f7360
         0x804829d <master_loop+6>:	mov    eax,ds:0x83f738c
         0x80482a2 <master_loop+11>:	mov    eax,DWORD PTR [eax*4+0x83f7380]
         0x80482a9 <master_loop+18>:	mov    DWORD PTR [eax],0x1
         0x80482af <master_loop+24>:	mov    DWORD PTR ds:0x83f738c,0x0

      Breakpoint 10, 0x08048297 in master_loop ()
      ```
      So it starts in a function called master_loop which will be ran 22 times. _That smells like the size of a flag_ because the memcpy had a size of 20.
    1. Stepping through the program **si** the program uses nothing but **mov** instructions and goes directly from _master\_loop_ -> _scramble_ -> _decrypt_ -> _master\_loop_
    2. Last item of interest is the memcpy at **0x85f7374** so lets set a read watchpoint to see when the program reads from that memory location

      ```bash
      gdb-peda$ rwatch *0x85f7374
      gdb-peda$ run
      ### OUTPUT OMITTED ###
      gdb-peda$ gdb-peda$ c
      ### OUTPUT OMITTED ###
      [------------------------------------stack-------------------------------------]
      0000| 0x85f7330 --> 0x3
      0004| 0x85f7334 --> 0x0
      0008| 0x85f7338 --> 0x0
      0012| 0x85f733c --> 0x0
      0016| 0x85f7340 --> 0x85f7374 ("MovkIk\366[\251\326)F\347)\200\250\370\025Lb")
      0020| 0x85f7344 --> 0x804e248 --> 0x0
      0024| 0x85f7348 --> 0x0
      0028| 0x85f734c --> 0x85f7388 --> 0x0
      [------------------------------------------------------------------------------]
      Hardware read watchpoint 8: *0x85f7374

      Value = 0x6b766f4d
      0x0804ae45 in decrypt ()
      ```
      Continued program a couple times while it breaks on 0x85f7374 and then in the stack you see that 0x85f7374 is being modified from **\311~\344kIk\366[\251\326)F\347)\200\250\370\025Lb** to **MovkIk\366[\251\326)F\347)\200\250\370\025Lb** so it is being decrypted
    1. Setting breakpoint at the end of decrypt to see if we can continue enough to see the whole key
      ```bash
      gdb-peda$ break *0x804bb0f
      ```
    2. Continue through the program and after 22 continues you will see the key on the stack

      ```bash
      gdb-peda$ c
      Continuing.
      ### OUTPUT OMITTED ###
      [-------------------------------------code-------------------------------------]
      => 0x804bb0f <decrypt+5209>:	mov    DWORD PTR [eax],0x0
         0x804bb15 <main>:	mov    eax,ds:0x83f7398
      [------------------------------------stack-------------------------------------]
      0000| 0x85f7330 --> 0x14
      0004| 0x85f7334 --> 0x0
      0008| 0x85f7338 --> 0x0
      0012| 0x85f733c --> 0x0
      0016| 0x85f7340 --> 0x85f7374 ("MovIsTuringComplete")
      0020| 0x85f7344 --> 0x804e248 --> 0x0
      0024| 0x85f7348 --> 0x0
      0028| 0x85f734c --> 0x85f7388 --> 0x0
      [------------------------------------------------------------------------------]
      Breakpoint 2, 0x0804bb0f in decrypt ()
      ```

# Solution
Key is: **MovIsTuringComplete**
